<?xml version="1.0" encoding="UTF-8"?>
<testng-results total="1" passed="1" failed="0" skipped="0">
  <reporter-output>
  </reporter-output>
  <suite started-at="2024-10-23T10:08:16Z" name="Surefire suite" finished-at="2024-10-23T10:09:08Z" duration-ms="52199">
    <groups>
    </groups>
    <test started-at="2024-10-23T10:08:16Z" name="Surefire test" finished-at="2024-10-23T10:09:08Z" duration-ms="52199">
      <class name="com.testScripts.TestScrpts">
        <test-method signature="general()[pri:0, instance:com.testScripts.TestScrpts@4cc451f2]" started-at="2024-10-23T15:38:16Z" name="general" finished-at="2024-10-23T15:39:08Z" duration-ms="52184" status="PASS">
          <reporter-output>
          </reporter-output>
        </test-method> <!-- general -->
      </class> <!-- com.testScripts.TestScrpts -->
    </test> <!-- Surefire test -->
  </suite> <!-- Surefire suite -->
</testng-results>
